Compiling the C compiler identification source file "CMakeCCompilerId.c" failed.
Compiler: /usr/bin/clang.exe 
Build flags: 
Id flags: 

The output was:
1
clang: error: unable to execute command: Executable "gcc" doesn't exist!
clang: error: linker (via gcc) command failed with exit code 1 (use -v to see invocation)


Compiling the CXX compiler identification source file "CMakeCXXCompilerId.cpp" failed.
Compiler: /usr/bin/clang++ 
Build flags: 
Id flags: 

The output was:
1
clang: error: unable to execute command: Executable "g++" doesn't exist!
clang: error: linker (via gcc) command failed with exit code 1 (use -v to see invocation)


Determining if the C compiler works failed with the following output:
Change Dir: /cygdrive/d/code/C/clion/cmake1/CMakeFiles/CMakeTmp

Run Build Command:"/usr/bin/make.exe" "cmTC_b8370/fast"
/usr/bin/make -f CMakeFiles/cmTC_b8370.dir/build.make CMakeFiles/cmTC_b8370.dir/build
make[1]: Entering directory '/cygdrive/d/code/C/clion/cmake1/CMakeFiles/CMakeTmp'
Building C object CMakeFiles/cmTC_b8370.dir/testCCompiler.c.o
/usr/bin/clang.exe    -o CMakeFiles/cmTC_b8370.dir/testCCompiler.c.o   -c /cygdrive/d/code/C/clion/cmake1/CMakeFiles/CMakeTmp/testCCompiler.c
Linking C executable cmTC_b8370.exe
/usr/bin/cmake.exe -E cmake_link_script CMakeFiles/cmTC_b8370.dir/link.txt --verbose=1
/usr/bin/clang.exe       CMakeFiles/cmTC_b8370.dir/testCCompiler.c.o  -o cmTC_b8370.exe  
clang: error: unable to execute command: Executable "gcc" doesn't exist!
clang: error: linker (via gcc) command failed with exit code 1 (use -v to see invocation)
CMakeFiles/cmTC_b8370.dir/build.make:97: recipe for target 'cmTC_b8370.exe' failed
make[1]: Leaving directory '/cygdrive/d/code/C/clion/cmake1/CMakeFiles/CMakeTmp'
make[1]: *** [cmTC_b8370.exe] Error 1
Makefile:126: recipe for target 'cmTC_b8370/fast' failed
make: *** [cmTC_b8370/fast] Error 2


Compiling the C compiler identification source file "CMakeCCompilerId.c" failed.
Compiler: /usr/bin/clang.exe 
Build flags: 
Id flags: 

The output was:
1
clang: error: unable to execute command: Executable "gcc" doesn't exist!
clang: error: linker (via gcc) command failed with exit code 1 (use -v to see invocation)


Compiling the CXX compiler identification source file "CMakeCXXCompilerId.cpp" failed.
Compiler: /usr/bin/clang++ 
Build flags: 
Id flags: 

The output was:
1
clang: error: unable to execute command: Executable "g++" doesn't exist!
clang: error: linker (via gcc) command failed with exit code 1 (use -v to see invocation)


Determining if the C compiler works failed with the following output:
Change Dir: /cygdrive/d/code/C/clion/cmake1/CMakeFiles/CMakeTmp

Run Build Command:"/usr/bin/make.exe" "cmTC_10461/fast"
/usr/bin/make -f CMakeFiles/cmTC_10461.dir/build.make CMakeFiles/cmTC_10461.dir/build
make[1]: Entering directory '/cygdrive/d/code/C/clion/cmake1/CMakeFiles/CMakeTmp'
Building C object CMakeFiles/cmTC_10461.dir/testCCompiler.c.o
/usr/bin/clang.exe    -o CMakeFiles/cmTC_10461.dir/testCCompiler.c.o   -c /cygdrive/d/code/C/clion/cmake1/CMakeFiles/CMakeTmp/testCCompiler.c
Linking C executable cmTC_10461.exe
/usr/bin/cmake.exe -E cmake_link_script CMakeFiles/cmTC_10461.dir/link.txt --verbose=1
/usr/bin/clang.exe       CMakeFiles/cmTC_10461.dir/testCCompiler.c.o  -o cmTC_10461.exe  
clang: error: unable to execute command: Executable "gcc" doesn't exist!
clang: error: linker (via gcc) command failed with exit code 1 (use -v to see invocation)
CMakeFiles/cmTC_10461.dir/build.make:97: recipe for target 'cmTC_10461.exe' failed
make[1]: Leaving directory '/cygdrive/d/code/C/clion/cmake1/CMakeFiles/CMakeTmp'
make[1]: *** [cmTC_10461.exe] Error 1
Makefile:126: recipe for target 'cmTC_10461/fast' failed
make: *** [cmTC_10461/fast] Error 2


