mystr->s:10485104
a,
a,a,a,a,a,a,a,a,a,a,
a,a,a,a,a,a,a,a,a,a,
a,a,a,a,a,a,a,a,a,a,
a,a,a,a,a,a,a,a,a,a,
a,a,a,a,a,a,a,a,a,a,
a,a,a,a,a,a,a,a,a,a,
a,a,a,a,a,a,a,a,a,a,
a,a,a,a,a,a,a,a,a,a,
a,a,a,a,a,a,a,a,a,a,
a,a,a,a,a,a,a,a,a,
mystr->s:10485104
B,
a,a,a,a,a,a,a,a,a,a,
a,a,a,a,a,a,a,a,a,a,
a,a,a,a,a,a,a,a,a,a,
a,a,a,a,a,a,a,a,a,a,
a,a,a,a,a,a,a,a,a,a,
a,a,a,a,a,a,a,a,a,a,
a,a,a,a,a,a,a,a,a,a,
a,a,a,a,a,a,a,a,a,a,
a,a,a,a,a,a,a,a,a,a,
a,a,a,a,a,a,a,a,a,
mystr->s:10485216
a,
a,a,a,a,a,a,a,a,a,a,
a,a,a,a,a,a,a,a,a,a,
a,a,a,a,a,a,a,a,a,a,
a,a,a,a,a,a,a,a,a,a,
a,a,a,a,a,a,a,a,a,a,
a,a,a,a,a,a,a,a,a,a,
a,a,a,a,a,a,a,a,a,a,
a,a,a,a,a,a,a,a,a,a,
a,a,a,a,a,a,a,a,a,a,
a,a,a,a,a,a,a,a,a,
